2026-06-05T16:00:58.793352Z  INFO herdr::logging: herdr starting event="app.startup" subsystem="client" outcome="started" pid=8897
2026-06-05T16:00:58.793448Z  INFO herdr::client: connecting to server path=/Users/hassan/.config/herdr/herdr-client.sock
2026-06-05T16:00:59.002933Z  INFO herdr::client: handshake succeeded version=12 encoding=SemanticFrame
2026-06-05T16:01:03.577722Z  INFO herdr::logging: herdr exiting event="app.shutdown" subsystem="client" outcome="completed" pid=8897
2026-06-05T16:01:14.594573Z  INFO herdr::logging: herdr starting event="app.startup" subsystem="client" outcome="started" pid=9144
2026-06-05T16:01:14.594667Z  INFO herdr::client: connecting to server path=/Users/hassan/.config/herdr/herdr-client.sock
2026-06-05T16:01:14.755839Z  INFO herdr::client: handshake succeeded version=12 encoding=SemanticFrame
2026-06-05T16:04:59.612673Z  INFO herdr::logging: herdr exiting event="app.shutdown" subsystem="client" outcome="completed" pid=9144
2026-06-06T10:42:44.042871Z  INFO herdr::logging: herdr starting event="app.startup" subsystem="client" outcome="started" pid=70026
2026-06-06T10:42:44.043089Z  INFO herdr::client: connecting to server path=/Users/hassan/.config/herdr/herdr-client.sock
2026-06-06T10:42:44.068922Z  INFO herdr::client: handshake succeeded version=12 encoding=SemanticFrame
2026-06-06T11:09:25.244977Z  INFO herdr::client: bridging local clipboard image paste to remote server bytes=818247 extension="png"
2026-06-06T15:04:38.329221Z  INFO herdr::client: bridging local clipboard image paste to remote server bytes=72084 extension="png"
2026-06-06T15:57:55.037376Z  INFO herdr::client: bridging local clipboard image paste to remote server bytes=20727 extension="png"
2026-06-06T16:10:38.360539Z  INFO herdr::client: bridging local clipboard image paste to remote server bytes=36902 extension="png"
2026-06-06T16:10:44.112109Z  INFO herdr::client: bridging local clipboard image paste to remote server bytes=13677 extension="png"
2026-06-07T10:59:02.033873Z  INFO herdr::logging: herdr exiting event="app.shutdown" subsystem="client" outcome="completed" pid=70026
2026-06-08T09:40:14.803637Z  INFO herdr::logging: herdr starting event="app.startup" subsystem="client" outcome="started" pid=16654
2026-06-08T09:40:14.804098Z  INFO herdr::client: connecting to server path=/Users/hassan/.config/herdr/herdr-client.sock
2026-06-08T09:40:14.907912Z  INFO herdr::client: handshake succeeded version=12 encoding=SemanticFrame
2026-06-08T15:19:27.481739Z  WARN herdr::raw_input: flushing lone escape after input timeout; if this follows an alt chord or focus switch it may reach the pane as plain esc bytes=[27]
2026-06-08T15:19:27.482894Z  WARN herdr::raw_input: flushing lone escape after input timeout; if this follows an alt chord or focus switch it may reach the pane as plain esc bytes=[27]
2026-06-08T15:19:27.482914Z  WARN herdr::raw_input: flushing lone escape after input timeout; if this follows an alt chord or focus switch it may reach the pane as plain esc bytes=[27]
2026-06-08T15:22:55.200452Z  WARN herdr::raw_input: flushing lone escape after input timeout; if this follows an alt chord or focus switch it may reach the pane as plain esc bytes=[27]
2026-06-08T15:22:55.201858Z  WARN herdr::raw_input: flushing lone escape after input timeout; if this follows an alt chord or focus switch it may reach the pane as plain esc bytes=[27]
2026-06-08T15:22:55.201929Z  WARN herdr::raw_input: flushing lone escape after input timeout; if this follows an alt chord or focus switch it may reach the pane as plain esc bytes=[27]
2026-06-09T19:39:15.955562Z  WARN herdr::raw_input: flushing lone escape after input timeout; if this follows an alt chord or focus switch it may reach the pane as plain esc bytes=[27]
2026-06-09T19:39:15.957137Z  WARN herdr::raw_input: flushing lone escape after input timeout; if this follows an alt chord or focus switch it may reach the pane as plain esc bytes=[27]
2026-06-09T19:39:15.957222Z  WARN herdr::raw_input: flushing lone escape after input timeout; if this follows an alt chord or focus switch it may reach the pane as plain esc bytes=[27]
2026-06-09T19:39:16.182363Z  WARN herdr::raw_input: flushing lone escape after input timeout; if this follows an alt chord or focus switch it may reach the pane as plain esc bytes=[27]
2026-06-09T19:39:16.182530Z  WARN herdr::raw_input: flushing lone escape after input timeout; if this follows an alt chord or focus switch it may reach the pane as plain esc bytes=[27]
2026-06-09T19:39:16.182583Z  WARN herdr::raw_input: flushing lone escape after input timeout; if this follows an alt chord or focus switch it may reach the pane as plain esc bytes=[27]
2026-06-09T19:39:16.372976Z  WARN herdr::raw_input: flushing lone escape after input timeout; if this follows an alt chord or focus switch it may reach the pane as plain esc bytes=[27]
2026-06-09T19:39:16.373133Z  WARN herdr::raw_input: flushing lone escape after input timeout; if this follows an alt chord or focus switch it may reach the pane as plain esc bytes=[27]
2026-06-09T19:39:16.373169Z  WARN herdr::raw_input: flushing lone escape after input timeout; if this follows an alt chord or focus switch it may reach the pane as plain esc bytes=[27]
2026-06-09T19:39:16.931223Z  WARN herdr::raw_input: flushing lone escape after input timeout; if this follows an alt chord or focus switch it may reach the pane as plain esc bytes=[27]
2026-06-09T19:39:16.931303Z  WARN herdr::raw_input: flushing lone escape after input timeout; if this follows an alt chord or focus switch it may reach the pane as plain esc bytes=[27]
2026-06-09T19:39:16.931316Z  WARN herdr::raw_input: flushing lone escape after input timeout; if this follows an alt chord or focus switch it may reach the pane as plain esc bytes=[27]
2026-06-09T19:39:17.335103Z  WARN herdr::raw_input: flushing lone escape after input timeout; if this follows an alt chord or focus switch it may reach the pane as plain esc bytes=[27]
2026-06-09T19:39:17.335228Z  WARN herdr::raw_input: flushing lone escape after input timeout; if this follows an alt chord or focus switch it may reach the pane as plain esc bytes=[27]
2026-06-09T19:39:17.335264Z  WARN herdr::raw_input: flushing lone escape after input timeout; if this follows an alt chord or focus switch it may reach the pane as plain esc bytes=[27]
2026-06-09T19:39:17.501611Z  WARN herdr::raw_input: flushing lone escape after input timeout; if this follows an alt chord or focus switch it may reach the pane as plain esc bytes=[27]
2026-06-09T19:39:17.501708Z  WARN herdr::raw_input: flushing lone escape after input timeout; if this follows an alt chord or focus switch it may reach the pane as plain esc bytes=[27]
2026-06-09T19:39:17.501735Z  WARN herdr::raw_input: flushing lone escape after input timeout; if this follows an alt chord or focus switch it may reach the pane as plain esc bytes=[27]
2026-06-09T19:39:17.689314Z  WARN herdr::raw_input: flushing lone escape after input timeout; if this follows an alt chord or focus switch it may reach the pane as plain esc bytes=[27]
2026-06-09T19:39:17.689408Z  WARN herdr::raw_input: flushing lone escape after input timeout; if this follows an alt chord or focus switch it may reach the pane as plain esc bytes=[27]
2026-06-09T19:39:17.689420Z  WARN herdr::raw_input: flushing lone escape after input timeout; if this follows an alt chord or focus switch it may reach the pane as plain esc bytes=[27]
2026-06-09T19:39:30.146767Z  INFO herdr::logging: herdr starting event="app.startup" subsystem="client" outcome="started" pid=25770
2026-06-09T19:39:30.147023Z  INFO herdr::client: connecting to server path=/Users/hassan/.config/herdr/herdr-client.sock
2026-06-09T19:39:30.168314Z  INFO herdr::client: handshake succeeded version=12 encoding=SemanticFrame
